<?xml version="1.0" encoding="UTF-8"?>
<testsuite xmlns:xsi="http://www.w3.org/2001/XMLSchema-instance" xsi:noNamespaceSchemaLocation="https://maven.apache.org/surefire/maven-surefire-plugin/xsd/surefire-test-report-3.0.xsd" version="3.0" name="com.secureally.demo.service.MovieServiceUnitTest" time="0.846" tests="3" errors="0" skipped="0" failures="0">
  <properties>
[...]
</properties>
  <testcase name="testShouldDataIntegrityViolationException" classname="com.secureally.demo.service.MovieServiceUnitTest" time="0.587"/>
  <testcase name="testShouldPeristMovie" classname="com.secureally.demo.service.MovieServiceUnitTest" time="0.023"/>
  <testcase name="testShouldGetMovieById" classname="com.secureally.demo.service.MovieServiceUnitTest" time="0.003"/>
</testsuite>